<?xml version="1.0" encoding="UTF-8"?>
<!-- Generated by org.testng.reporters.JUnitReportReporter -->
<testsuite hostname="areddy-mn3" name="com.servicenow.Tests.verifyCreateNewStaffFuntionality" tests="4" failures="1" timestamp="26 Mar 2016 14:53:20 GMT" time="21.022" errors="0">
  <testcase name="testSearchABranch" time="0.525" classname="com.servicenow.Tests.verifyCreateNewStaffFuntionality"/>
  <testcase name="testValidCredentials" time="11.060" classname="com.servicenow.Tests.verifyCreateNewStaffFuntionality"/>
  <testcase name="testCreateANewStaff" time="3.690" classname="com.servicenow.Tests.verifyCreateNewStaffFuntionality"/>
  <testcase name="testSearchAStaffWithBranchName" time="5.747" classname="com.servicenow.Tests.verifyCreateNewStaffFuntionality">
    <failure type="java.lang.AssertionError" message="Staff searched is not Found expected [true] but found [false]">
      <![CDATA[java.lang.AssertionError: Staff searched is not Found expected [true] but found [false]
	at org.testng.Assert.fail(Assert.java:94)
	at org.testng.Assert.failNotEquals(Assert.java:496)
	at org.testng.Assert.assertTrue(Assert.java:42)
	at com.servicenow.Helpers.StaffPageHelper.verifyStaffInTable(StaffPageHelper.java:121)
	at com.servicenow.Tests.verifyCreateNewStaffFuntionality.testSearchAStaffWithBranchName(verifyCreateNewStaffFuntionality.java:73)
	at sun.reflect.NativeMethodAccessorImpl.invoke0(Native Method)
	at sun.reflect.NativeMethodAccessorImpl.invoke(NativeMethodAccessorImpl.java:62)
	at sun.reflect.DelegatingMethodAccessorImpl.invoke(DelegatingMethodAccessorImpl.java:43)
	at java.lang.reflect.Method.invoke(Method.java:497)
	at org.testng.internal.MethodInvocationHelper.invokeMethod(MethodInvocationHelper.java:85)
	at org.testng.internal.Invoker.invokeMethod(Invoker.java:639)
	at org.testng.internal.Invoker.invokeTestMethod(Invoker.java:816)
	at org.testng.internal.Invoker.invokeTestMethods(Invoker.java:1124)
	at org.testng.internal.TestMethodWorker.invokeTestMethods(TestMethodWorker.java:124)
	at org.testng.internal.TestMethodWorker.run(TestMethodWorker.java:108)
	at org.testng.TestRunner.privateRun(TestRunner.java:773)
	at org.testng.TestRunner.run(TestRunner.java:623)
	at org.testng.SuiteRunner.runTest(SuiteRunner.java:359)
	at org.testng.SuiteRunner.runSequentially(SuiteRunner.java:354)
	at org.testng.SuiteRunner.privateRun(SuiteRunner.java:312)
	at org.testng.SuiteRunner.run(SuiteRunner.java:261)
	at org.testng.SuiteRunnerWorker.runSuite(SuiteRunnerWorker.java:52)
	at org.testng.SuiteRunnerWorker.run(SuiteRunnerWorker.java:86)
	at org.testng.TestNG.runSuitesSequentially(TestNG.java:1185)
	at org.testng.TestNG.runSuitesLocally(TestNG.java:1110)
	at org.testng.TestNG.run(TestNG.java:1018)
	at org.testng.remote.RemoteTestNG.run(RemoteTestNG.java:112)
	at org.testng.remote.RemoteTestNG.initAndRun(RemoteTestNG.java:205)
	at org.testng.remote.RemoteTestNG.main(RemoteTestNG.java:176)
]]>
    </failure>
  </testcase> <!-- testSearchAStaffWithBranchName -->
</testsuite> <!-- com.servicenow.Tests.verifyCreateNewStaffFuntionality -->
